<?xml version="1.0" encoding="utf-8"?><testsuites name="pytest tests"><testsuite name="pytest" errors="0" failures="0" skipped="0" tests="19" time="10.757" timestamp="2026-05-14T15:58:05.180889+00:00" hostname="agent-env-8cc46bf8-7c7f-4104-a3ca-41f4dc6180e4"><testcase classname="backend.tests.backend_test.TestPublic" name="test_health" time="0.209" /><testcase classname="backend.tests.backend_test.TestPublic" name="test_game_state" time="0.423" /><testcase classname="backend.tests.backend_test.TestPublic" name="test_rounds" time="0.088" /><testcase classname="backend.tests.backend_test.TestPublic" name="test_shots" time="0.073" /><testcase classname="backend.tests.backend_test.TestPublic" name="test_config_public" time="0.081" /><testcase classname="backend.tests.backend_test.TestAdminAuth" name="test_login_success" time="0.299" /><testcase classname="backend.tests.backend_test.TestAdminAuth" name="test_login_invalid" time="0.293" /><testcase classname="backend.tests.backend_test.TestAdminAuth" name="test_login_unknown_user" time="0.078" /><testcase classname="backend.tests.backend_test.TestAdminAuth" name="test_config_requires_auth" time="0.070" /><testcase classname="backend.tests.backend_test.TestAdminAuth" name="test_config_with_bad_token" time="0.148" /><testcase classname="backend.tests.backend_test.TestAdminConfig" name="test_get_config_no_plain_pk" time="0.440" /><testcase classname="backend.tests.backend_test.TestAdminConfig" name="test_update_basic_fields" time="0.154" /><testcase classname="backend.tests.backend_test.TestAdminConfig" name="test_update_with_valid_private_key" time="0.076" /><testcase classname="backend.tests.backend_test.TestAdminConfig" name="test_update_with_invalid_private_key" time="0.074" /><testcase classname="backend.tests.backend_test.TestWalletGenerate" name="test_generate_returns_pk_once" time="0.205" /><testcase classname="backend.tests.backend_test.TestBot" name="test_bot_status" time="0.083" /><testcase classname="backend.tests.backend_test.TestBot" name="test_bot_start_stop" time="7.167" /><testcase classname="backend.tests.backend_test.TestBot" name="test_bot_logs" time="0.080" /><testcase classname="backend.tests.backend_test.TestWebSocket" name="test_ws_initial_state" time="0.617" /></testsuite></testsuites>